<?xml version="1.0" encoding="UTF-8"?>
<testng-results ignored="0" total="2" passed="2" failed="0" skipped="0">
  <reporter-output>
  </reporter-output>
  <suite started-at="2022-12-06T22:56:05 IST" name="Default suite" finished-at="2022-12-06T22:57:28 IST" duration-ms="82993">
    <groups>
    </groups>
    <test started-at="2022-12-06T22:56:05 IST" name="Default test" finished-at="2022-12-06T22:57:28 IST" duration-ms="82993">
      <class name="com.scenario2_Testng.Flipkart_Amazon">
        <test-method is-config="true" signature="browser_launch()[pri:0, instance:com.scenario2_Testng.Flipkart_Amazon@27f981c6]" started-at="2022-12-06T22:56:02 IST" name="browser_launch" finished-at="2022-12-06T22:56:05 IST" duration-ms="3666" status="PASS">
          <reporter-output>
          </reporter-output>
        </test-method> <!-- browser_launch -->
        <test-method signature="flipkart_addtoCart()[pri:0, instance:com.scenario2_Testng.Flipkart_Amazon@27f981c6]" started-at="2022-12-06T22:56:05 IST" name="flipkart_addtoCart" finished-at="2022-12-06T22:57:02 IST" duration-ms="56927" status="PASS">
          <reporter-output>
          </reporter-output>
        </test-method> <!-- flipkart_addtoCart -->
        <test-method signature="amazon_Addtocart()[pri:1, instance:com.scenario2_Testng.Flipkart_Amazon@27f981c6]" started-at="2022-12-06T22:57:02 IST" name="amazon_Addtocart" finished-at="2022-12-06T22:57:28 IST" duration-ms="26006" status="PASS">
          <reporter-output>
          </reporter-output>
        </test-method> <!-- amazon_Addtocart -->
        <test-method is-config="true" signature="verification()[pri:0, instance:com.scenario2_Testng.Flipkart_Amazon@27f981c6]" started-at="2022-12-06T22:57:28 IST" name="verification" finished-at="2022-12-06T22:57:28 IST" duration-ms="1" status="PASS">
          <reporter-output>
          </reporter-output>
        </test-method> <!-- verification -->
        <test-method is-config="true" signature="tear_down()[pri:0, instance:com.scenario2_Testng.Flipkart_Amazon@27f981c6]" started-at="2022-12-06T22:57:28 IST" name="tear_down" finished-at="2022-12-06T22:57:29 IST" duration-ms="537" status="PASS">
          <reporter-output>
          </reporter-output>
        </test-method> <!-- tear_down -->
      </class> <!-- com.scenario2_Testng.Flipkart_Amazon -->
    </test> <!-- Default test -->
  </suite> <!-- Default suite -->
</testng-results>
